-------------------------------------------------------------------------------
Test set: JavaExtractor.StopWordFilterTest
-------------------------------------------------------------------------------
Tests run: 1, Failures: 1, Errors: 0, Skipped: 0, Time elapsed: 0.023 s <<< FAILURE! - in JavaExtractor.StopWordFilterTest
removeStopWordsTest  Time elapsed: 0.013 s  <<< FAILURE!
org.junit.ComparisonFailure: expected:<[]world> but was:<[hello ]world>
	at JavaExtractor.StopWordFilterTest.removeStopWordsTest(StopWordFilterTest.java:13)

